Traceback (most recent call last):
  File "D:\React.JS\Clipper-AI\clipper-ai-be\main.py", line 1200, in export_clip
    def run_ffmpeg():
              ^^^^^^^
    ...<3 lines>...
    stdout_data, stderr_data = proc.stdout, proc.stderr
    ^
  File "C:\Python313\Lib\asyncio\subprocess.py", line 224, in create_subprocess_exec
    transport, protocol = await loop.subprocess_exec(
                          ^^^^^^^^^^^^^^^^^^^^^^^^^^^
    ...<3 lines>...
        stderr=stderr, **kwds)
        ^^^^^^^^^^^^^^^^^^^^^^
  File "C:\Python313\Lib\asyncio\base_events.py", line 1794, in subprocess_exec
    transport = await self._make_subprocess_transport(
                ^^^^^^^^^^^^^^^^^^^^^^^^^^^^^^^^^^^^^^
        protocol, popen_args, False, stdin, stdout, stderr,
        ^^^^^^^^^^^^^^^^^^^^^^^^^^^^^^^^^^^^^^^^^^^^^^^^^^^
        bufsize, **kwargs)
        ^^^^^^^^^^^^^^^^^^
  File "C:\Python313\Lib\asyncio\base_events.py", line 539, in _make_subprocess_transport
    raise NotImplementedError
NotImplementedError
